\BOOKMARK [0][]{chapter.1}{\376\377\000I\000n\000t\000r\000o\000d\000u\000\347\000\343\000o}{}% 1
\BOOKMARK [1][]{section.1.1}{\376\377\000O\000b\000j\000e\000t\000i\000v\000o\000s}{chapter.1}% 2
\BOOKMARK [2][]{subsection.1.1.1}{\376\377\000O\000b\000j\000e\000t\000i\000v\000o\000\040\000G\000e\000r\000a\000l}{section.1.1}% 3
\BOOKMARK [1][]{section.1.2}{\376\377\000J\000u\000s\000t\000i\000f\000i\000c\000a\000t\000i\000v\000a}{chapter.1}% 4
\BOOKMARK [0][]{chapter.2}{\376\377\000F\000u\000n\000d\000a\000m\000e\000n\000t\000o\000s\000\040\000e\000\040\000R\000e\000v\000i\000s\000\343\000o\000\040\000d\000e\000\040\000L\000i\000t\000e\000r\000a\000t\000u\000r\000a}{}% 5
\BOOKMARK [1][]{section.2.1}{\376\377\000F\000r\000a\000m\000e\000w\000o\000r\000k\000\040\000D\000j\000a\000n\000g\000o}{chapter.2}% 6
\BOOKMARK [1][]{section.2.2}{\376\377\000T\000r\000a\000b\000a\000l\000h\000o\000\040\000R\000e\000l\000a\000c\000i\000o\000n\000a\000d\000o\000s}{chapter.2}% 7
\BOOKMARK [1][]{section.2.3}{\376\377\000F\000r\000i\000e\000n\000d\000s\000\040\000o\000f\000\040\000F\000r\000i\000e\000n\000d\000s}{chapter.2}% 8
\BOOKMARK [0][]{chapter.3}{\376\377\000D\000e\000s\000e\000n\000v\000o\000l\000v\000i\000m\000e\000n\000t\000o}{}% 9
\BOOKMARK [1][]{section.3.1}{\376\377\000F\000o\000r\000m\000u\000l\000\341\000r\000i\000o\000\040\000d\000e\000\040\000C\000o\000n\000t\000a\000t\000o}{chapter.3}% 10
\BOOKMARK [1][]{section.3.2}{\376\377\000R\000e\000g\000i\000s\000t\000r\000o\000\040\000d\000e\000\040\000U\000s\000u\000\341\000r\000i\000o}{chapter.3}% 11
\BOOKMARK [1][]{section.3.3}{\376\377\000M\000o\000d\000e\000l\000o\000s\000\040\000d\000e\000\040\000d\000a\000d\000o\000s}{chapter.3}% 12
\BOOKMARK [2][]{subsection.3.3.1}{\376\377\000A\000l\000g\000o\000r\000i\000t\000h\000m}{section.3.3}% 13
\BOOKMARK [2][]{subsection.3.3.2}{\376\377\000E\000x\000e\000c\000M\000o\000d\000e\000l}{section.3.3}% 14
\BOOKMARK [2][]{subsection.3.3.3}{\376\377\000E\000x\000e\000c\000u\000t\000i\000o\000n}{section.3.3}% 15
\BOOKMARK [2][]{subsection.3.3.4}{\376\377\000P\000o\000r\000t\000a\000l\000U\000s\000e\000r}{section.3.3}% 16
\BOOKMARK [1][]{section.3.4}{\376\377\000E\000x\000e\000c\000u\000\347\000\343\000o\000\040\000R\000e\000m\000o\000t\000a\000\040\000d\000e\000\040\000t\000a\000r\000e\000f\000a\000s}{chapter.3}% 17
\BOOKMARK [1][]{section.3.5}{\376\377\000F\000u\000n\000c\000i\000o\000n\000a\000l\000i\000d\000a\000d\000e\000s}{chapter.3}% 18
\BOOKMARK [2][]{subsection.3.5.1}{\376\377\000U\000s\000u\000\341\000r\000i\000o\000\040\000A\000n\000o\000n\000i\000m\000o}{section.3.5}% 19
\BOOKMARK [2][]{subsection.3.5.2}{\376\377\000U\000s\000u\000\341\000r\000i\000o\000\040\000r\000e\000g\000i\000s\000t\000r\000a\000d\000o}{section.3.5}% 20
\BOOKMARK [2][]{subsection.3.5.3}{\376\377\000A\000d\000m\000i\000n\000i\000s\000t\000r\000a\000d\000o\000r}{section.3.5}% 21
\BOOKMARK [1][]{section.3.6}{\376\377\000S\000i\000s\000t\000e\000m\000a\000\040\000d\000e\000\040\000A\000r\000q\000u\000i\000v\000o\000s}{chapter.3}% 22
\BOOKMARK [0][]{chapter.4}{\376\377\000P\000r\000\363\000x\000i\000m\000a\000s\000\040\000E\000t\000a\000p\000a\000s}{}% 23
\BOOKMARK [0][]{chapter*.3}{\376\377\000R\000e\000f\000e\000r\000\352\000n\000c\000i\000a\000s}{}% 24
